[20260202_091501] 开始生成贵金属分析报告
==================================================
贵金属分析报告生成完成
==================================================
黄金(XAU/USD): $2680.5
白银(XAG/USD): $85.5
报告文件: /root/clawd/market_analysis/XAU_USD_20260202_091501.md
报告文件: /root/clawd/market_analysis/XAG_USD_20260202_091502.md
GitHub推送: 已提交到本地仓库
[20260202_091501] 分析报告生成成功
[20260202_091501] 完成
[2026-02-02 09:22:02] 生成报告: precious_metals_analysis_20260202_092202.md
[2026-02-02 09:23:51] 生成报告: precious_metals_analysis_20260202_092351.md
[2026-02-02 09:30:01] 生成报告: precious_metals_analysis_20260202_093001.md
[2026-02-02 09:45:01] 生成报告: precious_metals_analysis_20260202_094501.md
[2026-02-02 10:00:02] 生成报告: precious_metals_analysis_20260202_100002.md
[2026-02-02 10:15:01] 生成报告: precious_metals_analysis_20260202_101501.md
[2026-02-02 10:30:01] 生成报告: precious_metals_analysis_20260202_103001.md
[2026-02-02 10:45:02] 生成报告: precious_metals_analysis_20260202_104502.md
[2026-02-02 11:00:01] 生成报告: precious_metals_analysis_20260202_110001.md
[2026-02-02 11:15:01] 生成报告: precious_metals_analysis_20260202_111501.md
[2026-02-02 11:30:02] 生成报告: precious_metals_analysis_20260202_113002.md
[2026-02-02 11:45:01] 生成报告: precious_metals_analysis_20260202_114501.md
[2026-02-02 12:00:01] 生成报告: precious_metals_analysis_20260202_120001.md
[2026-02-02 12:15:01] 生成报告: precious_metals_analysis_20260202_121501.md
[2026-02-02 12:30:01] 生成报告: precious_metals_analysis_20260202_123001.md
[2026-02-02 12:45:01] 生成报告: precious_metals_analysis_20260202_124501.md
[2026-02-02 12:59:42] 生成报告: precious_metals_analysis_20260202_125942.md
