============================================================
贵金属技术分析系统
开始时间: 2026-02-02 09:30:01
============================================================

[1/4] 获取K线数据...
  白银K线: 13 根
  黄金K线: 13 根

[2/4] 分析K线数据...
  白银当前价: $87.3
  黄金当前价: $2763

[3/4] 生成分析报告...
  Markdown报告: precious_metals_analysis_20260202_093001.md
  JSON数据: precious_metals_analysis_20260202_093001.json

[4/4] 推送到GitHub...
  GitHub状态: 已提交到本地仓库

============================================================
分析完成!
============================================================

汇总:
  白银(XAG/USD): $87.3
  黄金(XAU/USD): $2763
  报告文件: /root/clawd/market_analysis/precious_metals_analysis_20260202_093001.md
============================================================
贵金属技术分析系统
开始时间: 2026-02-02 09:45:01
============================================================

[1/4] 获取K线数据...
  白银K线: 13 根
  黄金K线: 13 根

[2/4] 分析K线数据...
  白银当前价: $87.3
  黄金当前价: $2763

[3/4] 生成分析报告...
  Markdown报告: precious_metals_analysis_20260202_094501.md
  JSON数据: precious_metals_analysis_20260202_094501.json

[4/4] 推送到GitHub...
  GitHub状态: 已提交到本地仓库

============================================================
分析完成!
============================================================

汇总:
  白银(XAG/USD): $87.3
  黄金(XAU/USD): $2763
  报告文件: /root/clawd/market_analysis/precious_metals_analysis_20260202_094501.md
============================================================
贵金属技术分析系统
开始时间: 2026-02-02 10:00:01
============================================================

[1/4] 获取K线数据...
  白银K线: 13 根
  黄金K线: 13 根

[2/4] 分析K线数据...
  白银当前价: $87.3
  黄金当前价: $2763

[3/4] 生成分析报告...
  Markdown报告: precious_metals_analysis_20260202_100002.md
  JSON数据: precious_metals_analysis_20260202_100002.json

[4/4] 推送到GitHub...
  GitHub状态: 已提交到本地仓库

============================================================
分析完成!
============================================================

汇总:
  白银(XAG/USD): $87.3
  黄金(XAU/USD): $2763
  报告文件: /root/clawd/market_analysis/precious_metals_analysis_20260202_100002.md
